{"uid":"ba370149830e8b72","name":"firstSearchNoAuthorizeUser()","fullName":"ozonSearch.SearchTest.firstSearchNoAuthorizeUser","historyId":"a9d5572ad3a7c7cf0ac703a6a1fbe020","time":{"start":1710342096075,"stop":1710342104113,"duration":8038},"description":"","status":"failed","statusMessage":"Invalid element state [.search-catalog]: invalid element state\nScreenshot: file:/home/user/IdeaProjects/ru.ozon/build/reports/tests/1710342103262.0.png\nPage source: file:/home/user/IdeaProjects/ru.ozon/build/reports/tests/1710342103262.0.html\nTimeout: 4 s.\nCaused by: InvalidElementStateException: invalid element state","statusTrace":"Invalid element state [.search-catalog]: invalid element state\nScreenshot: file:/home/user/IdeaProjects/ru.ozon/build/reports/tests/1710342103262.0.png\nPage source: file:/home/user/IdeaProjects/ru.ozon/build/reports/tests/1710342103262.0.html\nTimeout: 4 s.\nCaused by: InvalidElementStateException: invalid element state\n\tat com.codeborne.selenide.impl.ExceptionWrapper.wrap(ExceptionWrapper.java:26)\n\tat com.codeborne.selenide.impl.SelenideElementProxy.dispatchAndRetry(SelenideElementProxy.java:154)\n\tat com.codeborne.selenide.impl.SelenideElementProxy.invoke(SelenideElementProxy.java:84)\n\tat jdk.proxy3/jdk.proxy3.$Proxy12.setValue(Unknown Source)\n\tat ozonSearch.SearchTest.firstSearchNoAuthorizeUser(SearchTest.java:20)\n\tat java.base/java.lang.reflect.Method.invoke(Method.java:577)\n\tat java.base/java.util.ArrayList.forEach(ArrayList.java:1511)\n\tat java.base/java.util.ArrayList.forEach(ArrayList.java:1511)\nCaused by: org.openqa.selenium.InvalidElementStateException: invalid element state\n  (Session info: chrome=122.0.6261.128)\nBuild info: version: '4.16.1', revision: '9b4c83354e'\nSystem info: os.name: 'Linux', os.arch: 'amd64', os.version: '6.5.0-25-generic', java.version: '18.0.2'\nDriver info: org.openqa.selenium.chrome.ChromeDriver\nCommand: [0d5aab8ac7069e18e935e736f64328bf, clearElement {id=f.2C7E3B3C8132E0680CCC376D4D73417A.d.5557E7295C57A69EE2232C074B18B0E1.e.25}]\nCapabilities {acceptInsecureCerts: true, browserName: chrome, browserVersion: 122.0.6261.128, chrome: {chromedriverVersion: 122.0.6261.128 (f18a44fedeb..., userDataDir: /tmp/.org.chromium.Chromium...}, fedcm:accounts: true, goog:chromeOptions: {debuggerAddress: localhost:43117}, networkConnectionEnabled: false, pageLoadStrategy: normal, platformName: linux, proxy: Proxy(), se:cdp: ws://localhost:43117/devtoo..., se:cdpVersion: 122.0.6261.128, setWindowRect: true, strictFileInteractability: false, timeouts: {implicit: 0, pageLoad: 300000, script: 30000}, unhandledPromptBehavior: accept, webauthn:extension:credBlob: true, webauthn:extension:largeBlob: true, webauthn:extension:minPinLength: true, webauthn:extension:prf: true, webauthn:virtualAuthenticators: true}\nElement: [[ChromeDriver: chrome on linux (0d5aab8ac7069e18e935e736f64328bf)] -> css selector: .search-catalog]\nSession ID: 0d5aab8ac7069e18e935e736f64328bf\n\tat java.base/jdk.internal.reflect.DirectConstructorHandleAccessor.newInstance(DirectConstructorHandleAccessor.java:67)\n\tat java.base/java.lang.reflect.Constructor.newInstanceWithCaller(Constructor.java:499)\n\tat java.base/java.lang.reflect.Constructor.newInstance(Constructor.java:483)\n\tat org.openqa.selenium.remote.codec.w3c.W3CHttpResponseCodec.createException(W3CHttpResponseCodec.java:200)\n\tat org.openqa.selenium.remote.codec.w3c.W3CHttpResponseCodec.decode(W3CHttpResponseCodec.java:133)\n\tat org.openqa.selenium.remote.codec.w3c.W3CHttpResponseCodec.decode(W3CHttpResponseCodec.java:52)\n\tat org.openqa.selenium.remote.HttpCommandExecutor.execute(HttpCommandExecutor.java:191)\n\tat org.openqa.selenium.remote.service.DriverCommandExecutor.invokeExecute(DriverCommandExecutor.java:200)\n\tat org.openqa.selenium.remote.service.DriverCommandExecutor.execute(DriverCommandExecutor.java:175)\n\tat org.openqa.selenium.remote.RemoteWebDriver.execute(RemoteWebDriver.java:523)\n\tat org.openqa.selenium.remote.RemoteWebElement.execute(RemoteWebElement.java:224)\n\tat org.openqa.selenium.remote.RemoteWebElement.clear(RemoteWebElement.java:130)\n\tat com.codeborne.selenide.commands.Clear.clear(Clear.java:72)\n\tat com.codeborne.selenide.commands.SetValue.setValueForTextInput(SetValue.java:70)\n\tat com.codeborne.selenide.commands.SetValue.execute(SetValue.java:43)\n\tat com.codeborne.selenide.commands.SetValue.execute(SetValue.java:25)\n\tat com.codeborne.selenide.commands.Commands.execute(Commands.java:161)\n\tat com.codeborne.selenide.impl.SelenideElementProxy.dispatchAndRetry(SelenideElementProxy.java:132)\n\t... 6 more\n","flaky":false,"newFailed":false,"newBroken":false,"newPassed":false,"retriesCount":0,"retriesStatusChange":false,"beforeStages":[],"afterStages":[],"labels":[{"name":"junit.platform.uniqueid","value":"[engine:junit-jupiter]/[class:ozonSearch.SearchTest]/[method:firstSearchNoAuthorizeUser()]"},{"name":"host","value":"user"},{"name":"thread","value":"11675@user.Test worker(1)"},{"name":"framework","value":"junit-platform"},{"name":"language","value":"java"},{"name":"package","value":"ozonSearch.SearchTest"},{"name":"testClass","value":"ozonSearch.SearchTest"},{"name":"testMethod","value":"firstSearchNoAuthorizeUser"},{"name":"suite","value":"ozonSearch.SearchTest"},{"name":"resultFormat","value":"allure2"}],"parameters":[],"links":[],"hidden":true,"retry":true,"extra":{"categories":[],"tags":[]},"source":"ba370149830e8b72.json","parameterValues":[]}